<?xml version="1.0" encoding="UTF-8"?>
<coverage generated="1522947545794" clover="3.2.0">
  <project timestamp="1522947545794" name="All files">
    <metrics statements="69" coveredstatements="59" conditionals="61" coveredconditionals="46" methods="22" coveredmethods="18" elements="152" coveredelements="123" complexity="0" loc="69" ncloc="69" packages="1" files="5" classes="5">
      <file name="collection.ts" path="/Users/danielleone/Development/Projects/DanielLeone/time-series-collection/src/collection.ts">
        <metrics statements="6" coveredstatements="5" conditionals="3" coveredconditionals="3" methods="5" coveredmethods="4"/>
        <line num="14" count="1" type="stmt"/>
        <line num="18" count="1" type="cond" truecount="2" falsecount="0"/>
        <line num="22" count="4" type="stmt"/>
        <line num="26" count="1" type="stmt"/>
        <line num="30" count="0" type="stmt"/>
        <line num="34" count="8" type="stmt"/>
      </file>
      <file name="functions.ts" path="/Users/danielleone/Development/Projects/DanielLeone/time-series-collection/src/functions.ts">
        <metrics statements="22" coveredstatements="20" conditionals="12" coveredconditionals="10" methods="4" coveredmethods="4"/>
        <line num="10" count="15" type="cond" truecount="1" falsecount="1"/>
        <line num="11" count="0" type="stmt"/>
        <line num="13" count="15" type="stmt"/>
        <line num="14" count="15" type="cond" truecount="2" falsecount="0"/>
        <line num="15" count="14" type="stmt"/>
        <line num="16" count="14" type="stmt"/>
        <line num="18" count="1" type="stmt"/>
        <line num="19" count="1" type="stmt"/>
        <line num="28" count="6" type="stmt"/>
        <line num="29" count="6" type="stmt"/>
        <line num="37" count="16" type="cond" truecount="1" falsecount="1"/>
        <line num="38" count="0" type="stmt"/>
        <line num="40" count="16" type="stmt"/>
        <line num="41" count="16" type="cond" truecount="2" falsecount="0"/>
        <line num="42" count="16" type="stmt"/>
        <line num="43" count="16" type="cond" truecount="2" falsecount="0"/>
        <line num="44" count="16" type="stmt"/>
        <line num="45" count="16" type="stmt"/>
        <line num="53" count="67" type="stmt"/>
        <line num="54" count="67" type="cond" truecount="2" falsecount="0"/>
        <line num="56" count="25" type="stmt"/>
        <line num="59" count="42" type="stmt"/>
      </file>
      <file name="index.ts" path="/Users/danielleone/Development/Projects/DanielLeone/time-series-collection/src/index.ts">
        <metrics statements="3" coveredstatements="0" conditionals="6" coveredconditionals="0" methods="3" coveredmethods="0"/>
        <line num="1" count="0" type="cond" truecount="0" falsecount="2"/>
        <line num="2" count="0" type="cond" truecount="0" falsecount="2"/>
        <line num="3" count="0" type="cond" truecount="0" falsecount="2"/>
      </file>
      <file name="interpolators.ts" path="/Users/danielleone/Development/Projects/DanielLeone/time-series-collection/src/interpolators.ts">
        <metrics statements="21" coveredstatements="17" conditionals="30" coveredconditionals="23" methods="5" coveredmethods="5"/>
        <line num="11" count="6" type="stmt"/>
        <line num="15" count="2" type="stmt"/>
        <line num="20" count="10" type="stmt"/>
        <line num="38" count="4" type="cond" truecount="1" falsecount="1"/>
        <line num="39" count="0" type="stmt"/>
        <line num="43" count="4" type="cond" truecount="1" falsecount="1"/>
        <line num="44" count="0" type="stmt"/>
        <line num="48" count="4" type="cond" truecount="3" falsecount="1"/>
        <line num="50" count="0" type="stmt"/>
        <line num="52" count="4" type="cond" truecount="1" falsecount="1"/>
        <line num="54" count="0" type="stmt"/>
        <line num="57" count="4" type="stmt"/>
        <line num="63" count="26" type="stmt"/>
        <line num="64" count="26" type="stmt"/>
        <line num="66" count="26" type="cond" truecount="3" falsecount="0"/>
        <line num="70" count="26" type="cond" truecount="3" falsecount="0"/>
        <line num="73" count="26" type="cond" truecount="2" falsecount="0"/>
        <line num="80" count="14" type="stmt"/>
        <line num="81" count="12" type="cond" truecount="2" falsecount="0"/>
        <line num="82" count="8" type="stmt"/>
        <line num="84" count="4" type="stmt"/>
      </file>
      <file name="utils.ts" path="/Users/danielleone/Development/Projects/DanielLeone/time-series-collection/src/utils.ts">
        <metrics statements="17" coveredstatements="17" conditionals="10" coveredconditionals="10" methods="5" coveredmethods="5"/>
        <line num="2" count="55" type="stmt"/>
        <line num="6" count="15" type="stmt"/>
        <line num="10" count="40" type="cond" truecount="3" falsecount="0"/>
        <line num="14" count="16" type="stmt"/>
        <line num="30" count="114" type="stmt"/>
        <line num="31" count="114" type="stmt"/>
        <line num="32" count="114" type="stmt"/>
        <line num="33" count="211" type="stmt"/>
        <line num="34" count="211" type="stmt"/>
        <line num="35" count="211" type="cond" truecount="2" falsecount="0"/>
        <line num="36" count="98" type="stmt"/>
        <line num="37" count="98" type="stmt"/>
        <line num="39" count="113" type="cond" truecount="2" falsecount="0"/>
        <line num="40" count="77" type="stmt"/>
        <line num="41" count="77" type="stmt"/>
        <line num="43" count="36" type="stmt"/>
        <line num="45" count="78" type="stmt"/>
      </file>
    </metrics>
  </project>
</coverage>
