{"/Users/danielleone/Development/Projects/DanielLeone/time-series-collection/src/collection.ts": {"path":"/Users/danielleone/Development/Projects/DanielLeone/time-series-collection/src/collection.ts","statementMap":{"0":{"start":{"line":14,"column":8},"end":{"line":17,"column":10}},"1":{"start":{"line":18,"column":8},"end":{"line":18,"column":60}},"2":{"start":{"line":22,"column":8},"end":{"line":22,"column":55}},"3":{"start":{"line":26,"column":8},"end":{"line":26,"column":90}},"4":{"start":{"line":30,"column":8},"end":{"line":30,"column":97}},"5":{"start":{"line":34,"column":8},"end":{"line":34,"column":68}}},"fnMap":{"0":{"name":"(anonymous_0)","decl":{"start":{"line":13,"column":4},"end":{"line":13,"column":15}},"loc":{"start":{"line":13,"column":57},"end":{"line":19,"column":5}}},"1":{"name":"(anonymous_1)","decl":{"start":{"line":21,"column":11},"end":{"line":21,"column":19}},"loc":{"start":{"line":21,"column":47},"end":{"line":23,"column":5}}},"2":{"name":"(anonymous_2)","decl":{"start":{"line":25,"column":11},"end":{"line":25,"column":25}},"loc":{"start":{"line":25,"column":87},"end":{"line":27,"column":5}}},"3":{"name":"(anonymous_3)","decl":{"start":{"line":29,"column":11},"end":{"line":29,"column":32}},"loc":{"start":{"line":29,"column":94},"end":{"line":31,"column":5}}},"4":{"name":"(anonymous_4)","decl":{"start":{"line":33,"column":11},"end":{"line":33,"column":18}},"loc":{"start":{"line":33,"column":37},"end":{"line":35,"column":5}}}},"branchMap":{"0":{"loc":{"start":{"line":13,"column":48},"end":{"line":13,"column":57}},"type":"default-arg","locations":[{"start":{"line":13,"column":48},"end":{"line":13,"column":57}}]},"1":{"loc":{"start":{"line":18,"column":29},"end":{"line":18,"column":41}},"type":"binary-expr","locations":[{"start":{"line":18,"column":29},"end":{"line":18,"column":41}},{"start":{"line":18,"column":45},"end":{"line":18,"column":59}}]}},"s":{"0":1,"1":1,"2":4,"3":1,"4":1,"5":12},"f":{"0":1,"1":4,"2":1,"3":1,"4":12},"b":{"0":[1],"1":[1,1]}}
,"/Users/danielleone/Development/Projects/DanielLeone/time-series-collection/src/functions.ts": {"path":"/Users/danielleone/Development/Projects/DanielLeone/time-series-collection/src/functions.ts","statementMap":{"0":{"start":{"line":10,"column":4},"end":{"line":12,"column":5}},"1":{"start":{"line":11,"column":8},"end":{"line":11,"column":60}},"2":{"start":{"line":13,"column":14},"end":{"line":13,"column":60}},"3":{"start":{"line":14,"column":4},"end":{"line":20,"column":5}},"4":{"start":{"line":15,"column":8},"end":{"line":15,"column":55}},"5":{"start":{"line":16,"column":8},"end":{"line":16,"column":46}},"6":{"start":{"line":18,"column":8},"end":{"line":18,"column":45}},"7":{"start":{"line":19,"column":8},"end":{"line":19,"column":36}},"8":{"start":{"line":28,"column":4},"end":{"line":28,"column":67}},"9":{"start":{"line":29,"column":4},"end":{"line":29,"column":64}},"10":{"start":{"line":37,"column":4},"end":{"line":39,"column":5}},"11":{"start":{"line":38,"column":8},"end":{"line":38,"column":98}},"12":{"start":{"line":40,"column":30},"end":{"line":40,"column":89}},"13":{"start":{"line":41,"column":28},"end":{"line":41,"column":90}},"14":{"start":{"line":42,"column":28},"end":{"line":42,"column":85}},"15":{"start":{"line":43,"column":26},"end":{"line":43,"column":86}},"16":{"start":{"line":44,"column":4},"end":{"line":44,"column":83}},"17":{"start":{"line":45,"column":4},"end":{"line":45,"column":79}},"18":{"start":{"line":53,"column":14},"end":{"line":53,"column":60}},"19":{"start":{"line":54,"column":4},"end":{"line":60,"column":5}},"20":{"start":{"line":56,"column":8},"end":{"line":56,"column":36}},"21":{"start":{"line":59,"column":8},"end":{"line":59,"column":55}}},"fnMap":{"0":{"name":"addSample","decl":{"start":{"line":5,"column":6},"end":{"line":6,"column":3}},"loc":{"start":{"line":8,"column":11},"end":{"line":21,"column":1}}},"1":{"name":"removeOutsideTimeFrame","decl":{"start":{"line":23,"column":6},"end":{"line":24,"column":3}},"loc":{"start":{"line":26,"column":32},"end":{"line":30,"column":1}}},"2":{"name":"removeTimeFrame","decl":{"start":{"line":32,"column":6},"end":{"line":33,"column":3}},"loc":{"start":{"line":35,"column":32},"end":{"line":46,"column":1}}},"3":{"name":"getValue","decl":{"start":{"line":48,"column":6},"end":{"line":49,"column":3}},"loc":{"start":{"line":51,"column":33},"end":{"line":61,"column":1}}}},"branchMap":{"0":{"loc":{"start":{"line":10,"column":4},"end":{"line":12,"column":5}},"type":"if","locations":[{"start":{"line":10,"column":4},"end":{"line":12,"column":5}},{"start":{"line":10,"column":4},"end":{"line":12,"column":5}}]},"1":{"loc":{"start":{"line":14,"column":4},"end":{"line":20,"column":5}},"type":"if","locations":[{"start":{"line":14,"column":4},"end":{"line":20,"column":5}},{"start":{"line":14,"column":4},"end":{"line":20,"column":5}}]},"2":{"loc":{"start":{"line":37,"column":4},"end":{"line":39,"column":5}},"type":"if","locations":[{"start":{"line":37,"column":4},"end":{"line":39,"column":5}},{"start":{"line":37,"column":4},"end":{"line":39,"column":5}}]},"3":{"loc":{"start":{"line":41,"column":52},"end":{"line":41,"column":70}},"type":"cond-expr","locations":[{"start":{"line":41,"column":52},"end":{"line":41,"column":70}},{"start":{"line":41,"column":73},"end":{"line":41,"column":90}}]},"4":{"loc":{"start":{"line":43,"column":48},"end":{"line":43,"column":64}},"type":"cond-expr","locations":[{"start":{"line":43,"column":48},"end":{"line":43,"column":64}},{"start":{"line":43,"column":67},"end":{"line":43,"column":86}}]},"5":{"loc":{"start":{"line":54,"column":4},"end":{"line":60,"column":5}},"type":"if","locations":[{"start":{"line":54,"column":4},"end":{"line":60,"column":5}},{"start":{"line":54,"column":4},"end":{"line":60,"column":5}}]}},"s":{"0":18,"1":3,"2":15,"3":15,"4":14,"5":14,"6":1,"7":1,"8":7,"9":7,"10":21,"11":2,"12":19,"13":19,"14":19,"15":19,"16":19,"17":19,"18":82,"19":82,"20":30,"21":52},"f":{"0":18,"1":7,"2":21,"3":82},"b":{"0":[3,15],"1":[14,1],"2":[2,19],"3":[14,5],"4":[11,8],"5":[30,52]}}
,"/Users/danielleone/Development/Projects/DanielLeone/time-series-collection/src/interpolators.ts": {"path":"/Users/danielleone/Development/Projects/DanielLeone/time-series-collection/src/interpolators.ts","statementMap":{"0":{"start":{"line":11,"column":4},"end":{"line":11,"column":21}},"1":{"start":{"line":15,"column":4},"end":{"line":17,"column":5}},"2":{"start":{"line":16,"column":8},"end":{"line":16,"column":100}},"3":{"start":{"line":18,"column":4},"end":{"line":26,"column":6}},"4":{"start":{"line":23,"column":8},"end":{"line":25,"column":24}},"5":{"start":{"line":41,"column":4},"end":{"line":45,"column":5}},"6":{"start":{"line":42,"column":8},"end":{"line":44,"column":10}},"7":{"start":{"line":46,"column":4},"end":{"line":50,"column":5}},"8":{"start":{"line":47,"column":8},"end":{"line":49,"column":10}},"9":{"start":{"line":51,"column":4},"end":{"line":54,"column":5}},"10":{"start":{"line":53,"column":8},"end":{"line":53,"column":30}},"11":{"start":{"line":55,"column":4},"end":{"line":58,"column":5}},"12":{"start":{"line":57,"column":8},"end":{"line":57,"column":60}},"13":{"start":{"line":60,"column":4},"end":{"line":85,"column":6}},"14":{"start":{"line":65,"column":27},"end":{"line":65,"column":83}},"15":{"start":{"line":66,"column":27},"end":{"line":66,"column":79}},"16":{"start":{"line":68,"column":12},"end":{"line":70,"column":30}},"17":{"start":{"line":72,"column":12},"end":{"line":73,"column":30}},"18":{"start":{"line":74,"column":8},"end":{"line":83,"column":9}},"19":{"start":{"line":80,"column":12},"end":{"line":80,"column":54}},"20":{"start":{"line":81,"column":15},"end":{"line":83,"column":9}},"21":{"start":{"line":82,"column":12},"end":{"line":82,"column":50}},"22":{"start":{"line":84,"column":8},"end":{"line":84,"column":25}}},"fnMap":{"0":{"name":"noInterpolator","decl":{"start":{"line":10,"column":6},"end":{"line":null,"column":-1}},"loc":{"start":{"line":10,"column":6},"end":{"line":12,"column":1}}},"1":{"name":"closestPastSample","decl":{"start":{"line":14,"column":6},"end":{"line":14,"column":36}},"loc":{"start":{"line":14,"column":63},"end":{"line":27,"column":1}}},"2":{"name":"(anonymous_2)","decl":{"start":{"line":18,"column":11},"end":{"line":19,"column":8}},"loc":{"start":{"line":22,"column":8},"end":{"line":26,"column":5}}},"3":{"name":"closestSample","decl":{"start":{"line":36,"column":6},"end":{"line":37,"column":3}},"loc":{"start":{"line":39,"column":37},"end":{"line":86,"column":1}}},"4":{"name":"(anonymous_4)","decl":{"start":{"line":60,"column":11},"end":{"line":61,"column":8}},"loc":{"start":{"line":64,"column":8},"end":{"line":85,"column":5}}}},"branchMap":{"0":{"loc":{"start":{"line":15,"column":4},"end":{"line":17,"column":5}},"type":"if","locations":[{"start":{"line":15,"column":4},"end":{"line":17,"column":5}},{"start":{"line":15,"column":4},"end":{"line":17,"column":5}}]},"1":{"loc":{"start":{"line":24,"column":14},"end":{"line":24,"column":48}},"type":"cond-expr","locations":[{"start":{"line":24,"column":14},"end":{"line":24,"column":48}},{"start":{"line":25,"column":14},"end":{"line":25,"column":23}}]},"2":{"loc":{"start":{"line":37,"column":40},"end":{"line":37,"column":64}},"type":"default-arg","locations":[{"start":{"line":37,"column":40},"end":{"line":37,"column":64}}]},"3":{"loc":{"start":{"line":38,"column":42},"end":{"line":38,"column":66}},"type":"default-arg","locations":[{"start":{"line":38,"column":42},"end":{"line":38,"column":66}}]},"4":{"loc":{"start":{"line":39,"column":33},"end":{"line":39,"column":37}},"type":"default-arg","locations":[{"start":{"line":39,"column":33},"end":{"line":39,"column":37}}]},"5":{"loc":{"start":{"line":41,"column":4},"end":{"line":45,"column":5}},"type":"if","locations":[{"start":{"line":41,"column":4},"end":{"line":45,"column":5}},{"start":{"line":41,"column":4},"end":{"line":45,"column":5}}]},"6":{"loc":{"start":{"line":46,"column":4},"end":{"line":50,"column":5}},"type":"if","locations":[{"start":{"line":46,"column":4},"end":{"line":50,"column":5}},{"start":{"line":46,"column":4},"end":{"line":50,"column":5}}]},"7":{"loc":{"start":{"line":51,"column":4},"end":{"line":54,"column":5}},"type":"if","locations":[{"start":{"line":51,"column":4},"end":{"line":54,"column":5}},{"start":{"line":51,"column":4},"end":{"line":54,"column":5}}]},"8":{"loc":{"start":{"line":51,"column":8},"end":{"line":51,"column":39}},"type":"binary-expr","locations":[{"start":{"line":51,"column":8},"end":{"line":51,"column":39}},{"start":{"line":51,"column":43},"end":{"line":51,"column":76}}]},"9":{"loc":{"start":{"line":55,"column":4},"end":{"line":58,"column":5}},"type":"if","locations":[{"start":{"line":55,"column":4},"end":{"line":58,"column":5}},{"start":{"line":55,"column":4},"end":{"line":58,"column":5}}]},"10":{"loc":{"start":{"line":68,"column":13},"end":{"line":68,"column":54}},"type":"binary-expr","locations":[{"start":{"line":68,"column":13},"end":{"line":68,"column":54}},{"start":{"line":69,"column":16},"end":{"line":69,"column":57}},{"start":{"line":70,"column":12},"end":{"line":70,"column":30}}]},"11":{"loc":{"start":{"line":72,"column":13},"end":{"line":72,"column":52}},"type":"binary-expr","locations":[{"start":{"line":72,"column":13},"end":{"line":72,"column":52}},{"start":{"line":72,"column":56},"end":{"line":72,"column":95}},{"start":{"line":73,"column":12},"end":{"line":73,"column":30}}]},"12":{"loc":{"start":{"line":74,"column":8},"end":{"line":83,"column":9}},"type":"if","locations":[{"start":{"line":74,"column":8},"end":{"line":83,"column":9}},{"start":{"line":74,"column":8},"end":{"line":83,"column":9}}]},"13":{"loc":{"start":{"line":75,"column":13},"end":{"line":75,"column":36}},"type":"binary-expr","locations":[{"start":{"line":75,"column":13},"end":{"line":75,"column":36}},{"start":{"line":76,"column":17},"end":{"line":76,"column":42}},{"start":{"line":76,"column":46},"end":{"line":76,"column":63}},{"start":{"line":77,"column":16},"end":{"line":77,"column":27}},{"start":{"line":78,"column":12},"end":{"line":78,"column":26}}]},"14":{"loc":{"start":{"line":81,"column":15},"end":{"line":83,"column":9}},"type":"if","locations":[{"start":{"line":81,"column":15},"end":{"line":83,"column":9}},{"start":{"line":81,"column":15},"end":{"line":83,"column":9}}]}},"s":{"0":11,"1":4,"2":1,"3":3,"4":12,"5":11,"6":3,"7":8,"8":1,"9":7,"10":1,"11":6,"12":1,"13":5,"14":29,"15":29,"16":29,"17":29,"18":29,"19":16,"20":13,"21":9,"22":4},"f":{"0":11,"1":4,"2":12,"3":11,"4":29},"b":{"0":[1,3],"1":[7,5],"2":[1],"3":[1],"4":[1],"5":[3,8],"6":[1,7],"7":[1,6],"8":[7,2],"9":[1,5],"10":[29,10,19],"11":[29,14,15],"12":[16,13],"13":[29,26,5,23,20],"14":[9,4]}}
,"/Users/danielleone/Development/Projects/DanielLeone/time-series-collection/src/utils.ts": {"path":"/Users/danielleone/Development/Projects/DanielLeone/time-series-collection/src/utils.ts","statementMap":{"0":{"start":{"line":2,"column":4},"end":{"line":2,"column":32}},"1":{"start":{"line":6,"column":4},"end":{"line":6,"column":31}},"2":{"start":{"line":10,"column":4},"end":{"line":10,"column":97}},"3":{"start":{"line":14,"column":4},"end":{"line":18,"column":6}},"4":{"start":{"line":30,"column":14},"end":{"line":30,"column":15}},"5":{"start":{"line":31,"column":15},"end":{"line":31,"column":31}},"6":{"start":{"line":32,"column":4},"end":{"line":44,"column":5}},"7":{"start":{"line":33,"column":8},"end":{"line":33,"column":37}},"8":{"start":{"line":34,"column":8},"end":{"line":34,"column":43}},"9":{"start":{"line":35,"column":8},"end":{"line":38,"column":9}},"10":{"start":{"line":36,"column":12},"end":{"line":36,"column":28}},"11":{"start":{"line":37,"column":12},"end":{"line":37,"column":21}},"12":{"start":{"line":39,"column":8},"end":{"line":42,"column":9}},"13":{"start":{"line":40,"column":12},"end":{"line":40,"column":29}},"14":{"start":{"line":41,"column":12},"end":{"line":41,"column":21}},"15":{"start":{"line":43,"column":8},"end":{"line":43,"column":21}},"16":{"start":{"line":45,"column":4},"end":{"line":45,"column":23}}},"fnMap":{"0":{"name":"isNumber","decl":{"start":{"line":1,"column":6},"end":{"line":1,"column":24}},"loc":{"start":{"line":1,"column":36},"end":{"line":3,"column":1}}},"1":{"name":"isValidTimestamp","decl":{"start":{"line":5,"column":6},"end":{"line":5,"column":32}},"loc":{"start":{"line":5,"column":50},"end":{"line":7,"column":1}}},"2":{"name":"isNumberOrInfinity","decl":{"start":{"line":9,"column":6},"end":{"line":9,"column":34}},"loc":{"start":{"line":9,"column":46},"end":{"line":11,"column":1}}},"3":{"name":"isValidTimeRange","decl":{"start":{"line":13,"column":6},"end":{"line":13,"column":32}},"loc":{"start":{"line":13,"column":75},"end":{"line":19,"column":1}}},"4":{"name":"binarySearch","decl":{"start":{"line":27,"column":6},"end":{"line":27,"column":28}},"loc":{"start":{"line":27,"column":65},"end":{"line":46,"column":1}}}},"branchMap":{"0":{"loc":{"start":{"line":10,"column":11},"end":{"line":10,"column":24}},"type":"binary-expr","locations":[{"start":{"line":10,"column":11},"end":{"line":10,"column":24}},{"start":{"line":10,"column":28},"end":{"line":10,"column":60}},{"start":{"line":10,"column":64},"end":{"line":10,"column":96}}]},"1":{"loc":{"start":{"line":15,"column":8},"end":{"line":15,"column":41}},"type":"binary-expr","locations":[{"start":{"line":15,"column":8},"end":{"line":15,"column":41}},{"start":{"line":16,"column":8},"end":{"line":16,"column":39}},{"start":{"line":17,"column":8},"end":{"line":17,"column":36}}]},"2":{"loc":{"start":{"line":35,"column":8},"end":{"line":38,"column":9}},"type":"if","locations":[{"start":{"line":35,"column":8},"end":{"line":38,"column":9}},{"start":{"line":35,"column":8},"end":{"line":38,"column":9}}]},"3":{"loc":{"start":{"line":39,"column":8},"end":{"line":42,"column":9}},"type":"if","locations":[{"start":{"line":39,"column":8},"end":{"line":42,"column":9}},{"start":{"line":39,"column":8},"end":{"line":42,"column":9}}]}},"s":{"0":121,"1":24,"2":84,"3":27,"4":144,"5":144,"6":144,"7":256,"8":256,"9":256,"10":113,"11":113,"12":143,"13":96,"14":96,"15":47,"16":97},"f":{"0":121,"1":24,"2":84,"3":27,"4":144},"b":{"0":[84,32,19],"1":[27,26,26],"2":[113,143],"3":[96,47]}}
}
