{"/Users/danielleone/Development/Projects/DanielLeone/time-series-collection/src/index.ts": {"path":"/Users/danielleone/Development/Projects/DanielLeone/time-series-collection/src/index.ts","statementMap":{"0":{"start":{"line":7,"column":4},"end":{"line":7,"column":21}},"1":{"start":{"line":11,"column":4},"end":{"line":19,"column":6}},"2":{"start":{"line":18,"column":8},"end":{"line":18,"column":82}},"3":{"start":{"line":35,"column":8},"end":{"line":38,"column":10}},"4":{"start":{"line":39,"column":8},"end":{"line":39,"column":60}},"5":{"start":{"line":43,"column":8},"end":{"line":43,"column":54}},"6":{"start":{"line":47,"column":8},"end":{"line":47,"column":90}},"7":{"start":{"line":51,"column":8},"end":{"line":51,"column":97}},"8":{"start":{"line":55,"column":8},"end":{"line":55,"column":68}},"9":{"start":{"line":68,"column":14},"end":{"line":68,"column":15}},"10":{"start":{"line":69,"column":15},"end":{"line":69,"column":36}},"11":{"start":{"line":70,"column":4},"end":{"line":82,"column":5}},"12":{"start":{"line":71,"column":8},"end":{"line":71,"column":33}},"13":{"start":{"line":72,"column":8},"end":{"line":72,"column":47}},"14":{"start":{"line":73,"column":8},"end":{"line":76,"column":9}},"15":{"start":{"line":74,"column":12},"end":{"line":74,"column":24}},"16":{"start":{"line":75,"column":12},"end":{"line":75,"column":21}},"17":{"start":{"line":77,"column":8},"end":{"line":80,"column":9}},"18":{"start":{"line":78,"column":12},"end":{"line":78,"column":25}},"19":{"start":{"line":79,"column":12},"end":{"line":79,"column":21}},"20":{"start":{"line":81,"column":8},"end":{"line":81,"column":17}},"21":{"start":{"line":83,"column":4},"end":{"line":83,"column":23}},"22":{"start":{"line":87,"column":4},"end":{"line":89,"column":5}},"23":{"start":{"line":88,"column":8},"end":{"line":88,"column":60}},"24":{"start":{"line":90,"column":14},"end":{"line":90,"column":60}},"25":{"start":{"line":91,"column":4},"end":{"line":97,"column":5}},"26":{"start":{"line":92,"column":8},"end":{"line":92,"column":55}},"27":{"start":{"line":93,"column":8},"end":{"line":93,"column":46}},"28":{"start":{"line":95,"column":8},"end":{"line":95,"column":45}},"29":{"start":{"line":96,"column":8},"end":{"line":96,"column":36}},"30":{"start":{"line":101,"column":4},"end":{"line":101,"column":38}},"31":{"start":{"line":105,"column":4},"end":{"line":113,"column":6}},"32":{"start":{"line":121,"column":4},"end":{"line":121,"column":67}},"33":{"start":{"line":122,"column":4},"end":{"line":122,"column":64}},"34":{"start":{"line":130,"column":4},"end":{"line":132,"column":5}},"35":{"start":{"line":131,"column":8},"end":{"line":131,"column":98}},"36":{"start":{"line":133,"column":30},"end":{"line":133,"column":89}},"37":{"start":{"line":134,"column":28},"end":{"line":134,"column":90}},"38":{"start":{"line":135,"column":28},"end":{"line":135,"column":85}},"39":{"start":{"line":136,"column":26},"end":{"line":136,"column":86}},"40":{"start":{"line":137,"column":4},"end":{"line":137,"column":83}},"41":{"start":{"line":138,"column":4},"end":{"line":138,"column":79}},"42":{"start":{"line":146,"column":14},"end":{"line":146,"column":60}},"43":{"start":{"line":147,"column":4},"end":{"line":159,"column":5}},"44":{"start":{"line":149,"column":8},"end":{"line":149,"column":36}},"45":{"start":{"line":152,"column":8},"end":{"line":158,"column":10}}},"fnMap":{"0":{"name":"noInterpolator","decl":{"start":{"line":6,"column":6},"end":{"line":null,"column":-1}},"loc":{"start":{"line":6,"column":6},"end":{"line":8,"column":1}}},"1":{"name":"staticForwardHoldInterpolatorFactory","decl":{"start":{"line":10,"column":6},"end":{"line":10,"column":52}},"loc":{"start":{"line":10,"column":74},"end":{"line":20,"column":1}}},"2":{"name":"(anonymous_2)","decl":{"start":{"line":11,"column":11},"end":{"line":12,"column":8}},"loc":{"start":{"line":17,"column":8},"end":{"line":19,"column":5}}},"3":{"name":"(anonymous_3)","decl":{"start":{"line":34,"column":4},"end":{"line":34,"column":15}},"loc":{"start":{"line":34,"column":57},"end":{"line":40,"column":5}}},"4":{"name":"(anonymous_4)","decl":{"start":{"line":42,"column":4},"end":{"line":42,"column":11}},"loc":{"start":{"line":42,"column":39},"end":{"line":44,"column":5}}},"5":{"name":"(anonymous_5)","decl":{"start":{"line":46,"column":4},"end":{"line":46,"column":18}},"loc":{"start":{"line":46,"column":80},"end":{"line":48,"column":5}}},"6":{"name":"(anonymous_6)","decl":{"start":{"line":50,"column":4},"end":{"line":50,"column":25}},"loc":{"start":{"line":50,"column":87},"end":{"line":52,"column":5}}},"7":{"name":"(anonymous_7)","decl":{"start":{"line":54,"column":4},"end":{"line":54,"column":11}},"loc":{"start":{"line":54,"column":30},"end":{"line":56,"column":5}}},"8":{"name":"binarySearch","decl":{"start":{"line":65,"column":6},"end":{"line":65,"column":28}},"loc":{"start":{"line":65,"column":73},"end":{"line":84,"column":1}}},"9":{"name":"addPoint","decl":{"start":{"line":86,"column":6},"end":{"line":86,"column":27}},"loc":{"start":{"line":86,"column":97},"end":{"line":98,"column":1}}},"10":{"name":"isValidTimestamp","decl":{"start":{"line":100,"column":6},"end":{"line":100,"column":32}},"loc":{"start":{"line":100,"column":50},"end":{"line":102,"column":1}}},"11":{"name":"isValidTimeRange","decl":{"start":{"line":104,"column":6},"end":{"line":104,"column":32}},"loc":{"start":{"line":104,"column":75},"end":{"line":114,"column":1}}},"12":{"name":"removeOutsideTimeFrame","decl":{"start":{"line":116,"column":6},"end":{"line":117,"column":3}},"loc":{"start":{"line":119,"column":32},"end":{"line":123,"column":1}}},"13":{"name":"removeTimeFrame","decl":{"start":{"line":125,"column":6},"end":{"line":126,"column":3}},"loc":{"start":{"line":128,"column":32},"end":{"line":139,"column":1}}},"14":{"name":"getValue","decl":{"start":{"line":141,"column":6},"end":{"line":142,"column":3}},"loc":{"start":{"line":144,"column":33},"end":{"line":160,"column":1}}}},"branchMap":{"0":{"loc":{"start":{"line":18,"column":60},"end":{"line":18,"column":69}},"type":"cond-expr","locations":[{"start":{"line":18,"column":60},"end":{"line":18,"column":69}},{"start":{"line":18,"column":72},"end":{"line":18,"column":81}}]},"1":{"loc":{"start":{"line":34,"column":48},"end":{"line":34,"column":57}},"type":"default-arg","locations":[{"start":{"line":34,"column":48},"end":{"line":34,"column":57}}]},"2":{"loc":{"start":{"line":39,"column":29},"end":{"line":39,"column":41}},"type":"binary-expr","locations":[{"start":{"line":39,"column":29},"end":{"line":39,"column":41}},{"start":{"line":39,"column":45},"end":{"line":39,"column":59}}]},"3":{"loc":{"start":{"line":73,"column":8},"end":{"line":76,"column":9}},"type":"if","locations":[{"start":{"line":73,"column":8},"end":{"line":76,"column":9}},{"start":{"line":73,"column":8},"end":{"line":76,"column":9}}]},"4":{"loc":{"start":{"line":77,"column":8},"end":{"line":80,"column":9}},"type":"if","locations":[{"start":{"line":77,"column":8},"end":{"line":80,"column":9}},{"start":{"line":77,"column":8},"end":{"line":80,"column":9}}]},"5":{"loc":{"start":{"line":87,"column":4},"end":{"line":89,"column":5}},"type":"if","locations":[{"start":{"line":87,"column":4},"end":{"line":89,"column":5}},{"start":{"line":87,"column":4},"end":{"line":89,"column":5}}]},"6":{"loc":{"start":{"line":91,"column":4},"end":{"line":97,"column":5}},"type":"if","locations":[{"start":{"line":91,"column":4},"end":{"line":97,"column":5}},{"start":{"line":91,"column":4},"end":{"line":97,"column":5}}]},"7":{"loc":{"start":{"line":106,"column":9},"end":{"line":106,"column":40}},"type":"binary-expr","locations":[{"start":{"line":106,"column":9},"end":{"line":106,"column":40}},{"start":{"line":107,"column":12},"end":{"line":107,"column":54}},{"start":{"line":108,"column":12},"end":{"line":108,"column":54}},{"start":{"line":109,"column":9},"end":{"line":109,"column":38}},{"start":{"line":110,"column":12},"end":{"line":110,"column":52}},{"start":{"line":111,"column":12},"end":{"line":111,"column":52}},{"start":{"line":112,"column":8},"end":{"line":112,"column":36}}]},"8":{"loc":{"start":{"line":130,"column":4},"end":{"line":132,"column":5}},"type":"if","locations":[{"start":{"line":130,"column":4},"end":{"line":132,"column":5}},{"start":{"line":130,"column":4},"end":{"line":132,"column":5}}]},"9":{"loc":{"start":{"line":134,"column":52},"end":{"line":134,"column":70}},"type":"cond-expr","locations":[{"start":{"line":134,"column":52},"end":{"line":134,"column":70}},{"start":{"line":134,"column":73},"end":{"line":134,"column":90}}]},"10":{"loc":{"start":{"line":136,"column":48},"end":{"line":136,"column":64}},"type":"cond-expr","locations":[{"start":{"line":136,"column":48},"end":{"line":136,"column":64}},{"start":{"line":136,"column":67},"end":{"line":136,"column":86}}]},"11":{"loc":{"start":{"line":147,"column":4},"end":{"line":159,"column":5}},"type":"if","locations":[{"start":{"line":147,"column":4},"end":{"line":159,"column":5}},{"start":{"line":147,"column":4},"end":{"line":159,"column":5}}]}},"s":{"0":6,"1":2,"2":10,"3":1,"4":1,"5":4,"6":1,"7":0,"8":8,"9":75,"10":75,"11":75,"12":130,"13":130,"14":130,"15":58,"16":58,"17":72,"18":49,"19":49,"20":23,"21":52,"22":15,"23":0,"24":15,"25":15,"26":14,"27":14,"28":1,"29":1,"30":47,"31":16,"32":6,"33":6,"34":16,"35":0,"36":16,"37":16,"38":16,"39":16,"40":16,"41":16,"42":28,"43":28,"44":12,"45":16},"f":{"0":6,"1":2,"2":10,"3":1,"4":4,"5":1,"6":0,"7":8,"8":75,"9":15,"10":47,"11":16,"12":6,"13":16,"14":28},"b":{"0":[6,4],"1":[1],"2":[1,1],"3":[58,72],"4":[49,23],"5":[0,15],"6":[14,1],"7":[16,7,6,16,8,2,16],"8":[0,16],"9":[13,3],"10":[9,7],"11":[12,16]}}
}
