TN:
SF:/Users/danielleone/Development/Projects/DanielLeone/time-series-collection/src/collection.ts
FN:13,(anonymous_0)
FN:21,(anonymous_1)
FN:25,(anonymous_2)
FN:29,(anonymous_3)
FN:33,(anonymous_4)
FNF:5
FNH:4
FNDA:1,(anonymous_0)
FNDA:4,(anonymous_1)
FNDA:1,(anonymous_2)
FNDA:0,(anonymous_3)
FNDA:8,(anonymous_4)
DA:14,1
DA:18,1
DA:22,4
DA:26,1
DA:30,0
DA:34,8
LF:6
LH:5
BRDA:13,0,0,1
BRDA:18,1,0,1
BRDA:18,1,1,1
BRF:3
BRH:3
end_of_record
TN:
SF:/Users/danielleone/Development/Projects/DanielLeone/time-series-collection/src/functions.ts
FN:5,addSample
FN:23,removeOutsideTimeFrame
FN:32,removeTimeFrame
FN:48,getValue
FNF:4
FNH:4
FNDA:15,addSample
FNDA:6,removeOutsideTimeFrame
FNDA:16,removeTimeFrame
FNDA:67,getValue
DA:10,15
DA:11,0
DA:13,15
DA:14,15
DA:15,14
DA:16,14
DA:18,1
DA:19,1
DA:28,6
DA:29,6
DA:37,16
DA:38,0
DA:40,16
DA:41,16
DA:42,16
DA:43,16
DA:44,16
DA:45,16
DA:53,67
DA:54,67
DA:56,25
DA:59,42
LF:22
LH:20
BRDA:10,0,0,0
BRDA:10,0,1,15
BRDA:14,1,0,14
BRDA:14,1,1,1
BRDA:37,2,0,0
BRDA:37,2,1,16
BRDA:41,3,0,13
BRDA:41,3,1,3
BRDA:43,4,0,9
BRDA:43,4,1,7
BRDA:54,5,0,25
BRDA:54,5,1,42
BRF:12
BRH:10
end_of_record
TN:
SF:/Users/danielleone/Development/Projects/DanielLeone/time-series-collection/src/index.ts
FN:1,(anonymous_0)
FN:2,(anonymous_2)
FN:3,(anonymous_4)
FNF:3
FNH:0
FNDA:0,(anonymous_0)
FNDA:0,(anonymous_2)
FNDA:0,(anonymous_4)
DA:1,0
DA:2,0
DA:3,0
LF:3
LH:0
BRDA:1,0,0,0
BRDA:1,0,1,0
BRDA:2,1,0,0
BRDA:2,1,1,0
BRDA:3,2,0,0
BRDA:3,2,1,0
BRF:6
BRH:0
end_of_record
TN:
SF:/Users/danielleone/Development/Projects/DanielLeone/time-series-collection/src/interpolators.ts
FN:10,noInterpolator
FN:14,closestPastSample
FN:15,(anonymous_2)
FN:33,closestSample
FN:57,(anonymous_4)
FNF:5
FNH:5
FNDA:6,noInterpolator
FNDA:2,closestPastSample
FNDA:10,(anonymous_2)
FNDA:4,closestSample
FNDA:26,(anonymous_4)
DA:11,6
DA:15,2
DA:20,10
DA:38,4
DA:39,0
DA:43,4
DA:44,0
DA:48,4
DA:50,0
DA:52,4
DA:54,0
DA:57,4
DA:63,26
DA:64,26
DA:66,26
DA:70,26
DA:73,26
DA:80,14
DA:81,12
DA:82,8
DA:84,4
LF:21
LH:17
BRDA:21,0,0,6
BRDA:21,0,1,4
BRDA:34,1,0,0
BRDA:35,2,0,0
BRDA:36,3,0,0
BRDA:38,4,0,0
BRDA:38,4,1,4
BRDA:43,5,0,0
BRDA:43,5,1,4
BRDA:48,6,0,0
BRDA:48,6,1,4
BRDA:48,7,0,4
BRDA:48,7,1,1
BRDA:52,8,0,0
BRDA:52,8,1,4
BRDA:66,9,0,26
BRDA:66,9,1,9
BRDA:66,9,2,17
BRDA:70,10,0,26
BRDA:70,10,1,13
BRDA:70,10,2,13
BRDA:73,11,0,14
BRDA:73,11,1,12
BRDA:74,12,0,26
BRDA:74,12,1,23
BRDA:74,12,2,4
BRDA:74,12,3,21
BRDA:74,12,4,18
BRDA:81,13,0,8
BRDA:81,13,1,4
BRF:30
BRH:23
end_of_record
TN:
SF:/Users/danielleone/Development/Projects/DanielLeone/time-series-collection/src/utils.ts
FN:1,isNumber
FN:5,isValidTimestamp
FN:9,isNumberOrInfinity
FN:13,isValidTimeRange
FN:27,binarySearch
FNF:5
FNH:5
FNDA:55,isNumber
FNDA:15,isValidTimestamp
FNDA:40,isNumberOrInfinity
FNDA:16,isValidTimeRange
FNDA:114,binarySearch
DA:2,55
DA:6,15
DA:10,40
DA:14,16
DA:30,114
DA:31,114
DA:32,114
DA:33,211
DA:34,211
DA:35,211
DA:36,98
DA:37,98
DA:39,113
DA:40,77
DA:41,77
DA:43,36
DA:45,78
LF:17
LH:17
BRDA:10,0,0,40
BRDA:10,0,1,16
BRDA:10,0,2,8
BRDA:15,1,0,16
BRDA:15,1,1,16
BRDA:15,1,2,16
BRDA:35,2,0,98
BRDA:35,2,1,113
BRDA:39,3,0,77
BRDA:39,3,1,36
BRF:10
BRH:10
end_of_record
