TN:
SF:/Users/danielleone/Development/Projects/DanielLeone/time-series-collection/src/index.ts
FN:6,noInterpolator
FN:10,staticForwardHoldInterpolatorFactory
FN:11,(anonymous_2)
FN:34,(anonymous_3)
FN:42,(anonymous_4)
FN:46,(anonymous_5)
FN:50,(anonymous_6)
FN:54,(anonymous_7)
FN:65,binarySearch
FN:86,addPoint
FN:100,isValidTimestamp
FN:104,isValidTimeRange
FN:116,removeOutsideTimeFrame
FN:125,removeTimeFrame
FN:141,getValue
FNF:15
FNH:14
FNDA:6,noInterpolator
FNDA:2,staticForwardHoldInterpolatorFactory
FNDA:10,(anonymous_2)
FNDA:1,(anonymous_3)
FNDA:4,(anonymous_4)
FNDA:1,(anonymous_5)
FNDA:0,(anonymous_6)
FNDA:8,(anonymous_7)
FNDA:75,binarySearch
FNDA:15,addPoint
FNDA:47,isValidTimestamp
FNDA:16,isValidTimeRange
FNDA:6,removeOutsideTimeFrame
FNDA:16,removeTimeFrame
FNDA:28,getValue
DA:7,6
DA:11,2
DA:18,10
DA:35,1
DA:39,1
DA:43,4
DA:47,1
DA:51,0
DA:55,8
DA:68,75
DA:69,75
DA:70,75
DA:71,130
DA:72,130
DA:73,130
DA:74,58
DA:75,58
DA:77,72
DA:78,49
DA:79,49
DA:81,23
DA:83,52
DA:87,15
DA:88,0
DA:90,15
DA:91,15
DA:92,14
DA:93,14
DA:95,1
DA:96,1
DA:101,47
DA:105,16
DA:121,6
DA:122,6
DA:130,16
DA:131,0
DA:133,16
DA:134,16
DA:135,16
DA:136,16
DA:137,16
DA:138,16
DA:146,28
DA:147,28
DA:149,12
DA:152,16
LF:46
LH:43
BRDA:18,0,0,6
BRDA:18,0,1,4
BRDA:34,1,0,1
BRDA:39,2,0,1
BRDA:39,2,1,1
BRDA:73,3,0,58
BRDA:73,3,1,72
BRDA:77,4,0,49
BRDA:77,4,1,23
BRDA:87,5,0,0
BRDA:87,5,1,15
BRDA:91,6,0,14
BRDA:91,6,1,1
BRDA:106,7,0,16
BRDA:106,7,1,7
BRDA:106,7,2,6
BRDA:106,7,3,16
BRDA:106,7,4,8
BRDA:106,7,5,2
BRDA:106,7,6,16
BRDA:130,8,0,0
BRDA:130,8,1,16
BRDA:134,9,0,13
BRDA:134,9,1,3
BRDA:136,10,0,9
BRDA:136,10,1,7
BRDA:147,11,0,12
BRDA:147,11,1,16
BRF:28
BRH:26
end_of_record
